#
# There is insufficient memory for the Java Runtime Environment to continue.
# Native memory allocation (malloc) failed to allocate 2707600 bytes. Error detail: Chunk::new
# Possible reasons:
#   The system is out of physical RAM or swap space
#   This process is running with CompressedOops enabled, and the Java Heap may be blocking the growth of the native heap
# Possible solutions:
#   Reduce memory load on the system
#   Increase physical memory or swap space
#   Check if swap backing store is full
#   Decrease Java heap size (-Xmx/-Xms)
#   Decrease number of Java threads
#   Decrease Java thread stack sizes (-Xss)
#   Set larger code cache with -XX:ReservedCodeCacheSize=
#   JVM is running with Unscaled Compressed Oops mode in which the Java heap is
#     placed in the first 4GB address space. The Java Heap base address is the
#     maximum limit for the native heap growth. Please use -XX:HeapBaseMinAddress
#     to set the Java Heap base and to place the Java Heap above 4GB virtual address.
# This output file may be truncated or incomplete.
#
#  Out of Memory Error (arena.cpp:191), pid=9676, tid=26984
#
# JRE version: OpenJDK Runtime Environment Temurin-17.0.13+11 (17.0.13+11) (build 17.0.13+11)
# Java VM: OpenJDK 64-Bit Server VM Temurin-17.0.13+11 (17.0.13+11, mixed mode, tiered, compressed oops, compressed class ptrs, parallel gc, windows-amd64)
# No core dump will be written. Minidumps are not enabled by default on client versions of Windows
#

---------------  S U M M A R Y ------------

Command Line: --add-modules=ALL-SYSTEM --add-opens=java.base/java.util=ALL-UNNAMED --add-opens=java.base/java.lang=ALL-UNNAMED --add-opens=java.base/sun.nio.fs=ALL-UNNAMED -Declipse.application=org.eclipse.jdt.ls.core.id1 -Dosgi.bundles.defaultStartLevel=4 -Declipse.product=org.eclipse.jdt.ls.core.product -Djava.import.generatesMetadataFilesAtProjectRoot=false -DDetectVMInstallationsJob.disabled=true -Dfile.encoding=utf8 -XX:+UseParallelGC -XX:GCTimeRatio=4 -XX:AdaptiveSizePolicyWeight=90 -Dsun.zip.disableMemoryMapping=true -Xmx1G -Xms100m -Xlog:disable -javaagent:c:\Users\ASUS\.vscode\extensions\redhat.java-1.36.0-win32-x64\lombok\lombok-1.18.35.jar c:\Users\ASUS\.vscode\extensions\redhat.java-1.36.0-win32-x64\server\plugins\org.eclipse.equinox.launcher_1.6.900.v20240613-2009.jar -configuration c:\Users\ASUS\AppData\Roaming\Code\User\globalStorage\redhat.java\1.36.0\config_ss_win -data c:\Users\ASUS\AppData\Roaming\Code\User\workspaceStorage\a3cdf0d71741ef6fcc9b488579dc9448\redhat.java\ss_ws --pipe=\\.\pipe\lsp-2d7f9fea542fbc502247c9c6cab69e76-sock

Host: AMD Ryzen 7 6800H with Radeon Graphics         , 16 cores, 7G,  Windows 11 , 64 bit Build 22621 (10.0.22621.3958)
Time: Wed Nov  6 20:25:34 2024 SE Asia Standard Time elapsed time: 7.681047 seconds (0d 0h 0m 7s)

---------------  T H R E A D  ---------------

Current thread (0x000002376e453890):  JavaThread "C2 CompilerThread0" daemon [_thread_in_native, id=26984, stack(0x000000e285500000,0x000000e285600000)]


Current CompileTask:
C2:   7681 2547       4       org.lombokweb.asm.ClassReader::readMethod (1070 bytes)

Stack: [0x000000e285500000,0x000000e285600000]
Native frames: (J=compiled Java code, j=interpreted, Vv=VM code, C=native code)
V  [jvm.dll+0x682a19]
V  [jvm.dll+0x839538]
V  [jvm.dll+0x83afe3]
V  [jvm.dll+0x83b653]
V  [jvm.dll+0x24704f]
V  [jvm.dll+0xace34]
V  [jvm.dll+0xad4cc]
V  [jvm.dll+0x36597e]
V  [jvm.dll+0x1ba989]
V  [jvm.dll+0x2181a7]
V  [jvm.dll+0x21748f]
V  [jvm.dll+0x1a3070]
V  [jvm.dll+0x22788c]
V  [jvm.dll+0x2259eb]
V  [jvm.dll+0x7eec98]
V  [jvm.dll+0x7e8ffc]
V  [jvm.dll+0x6818f7]
C  [ucrtbase.dll+0x29333]
C  [KERNEL32.DLL+0x1257d]
C  [ntdll.dll+0x5af08]


---------------  P R O C E S S  ---------------

Threads class SMR info:
_java_thread_list=0x00000237706b0b70, length=22, elements={
0x0000023755474610, 0x000002376e42a020, 0x000002376e42b8c0, 0x00000237692eb520,
0x00000237692ec3a0, 0x000002376e44cee0, 0x000002376e44df50, 0x000002376e453890,
0x000002376e474af0, 0x000002376e475c90, 0x000002376e5bf510, 0x000002376e610500,
0x00000237705e7170, 0x0000023770a36d20, 0x000002376e63bd20, 0x0000023770a67f40,
0x00000237705c12a0, 0x00000237707a1360, 0x000002377081bee0, 0x0000023770819660,
0x000002377081a590, 0x000002377081c900
}

Java Threads: ( => current thread )
  0x0000023755474610 JavaThread "main" [_thread_blocked, id=21948, stack(0x000000e284c00000,0x000000e284d00000)]
  0x000002376e42a020 JavaThread "Reference Handler" daemon [_thread_blocked, id=15520, stack(0x000000e284f00000,0x000000e285000000)]
  0x000002376e42b8c0 JavaThread "Finalizer" daemon [_thread_blocked, id=16740, stack(0x000000e285000000,0x000000e285100000)]
  0x00000237692eb520 JavaThread "Signal Dispatcher" daemon [_thread_blocked, id=12848, stack(0x000000e285100000,0x000000e285200000)]
  0x00000237692ec3a0 JavaThread "Attach Listener" daemon [_thread_blocked, id=17980, stack(0x000000e285200000,0x000000e285300000)]
  0x000002376e44cee0 JavaThread "Service Thread" daemon [_thread_blocked, id=22780, stack(0x000000e285300000,0x000000e285400000)]
  0x000002376e44df50 JavaThread "Monitor Deflation Thread" daemon [_thread_blocked, id=9988, stack(0x000000e285400000,0x000000e285500000)]
=>0x000002376e453890 JavaThread "C2 CompilerThread0" daemon [_thread_in_native, id=26984, stack(0x000000e285500000,0x000000e285600000)]
  0x000002376e474af0 JavaThread "C1 CompilerThread0" daemon [_thread_blocked, id=5380, stack(0x000000e285600000,0x000000e285700000)]
  0x000002376e475c90 JavaThread "Sweeper thread" daemon [_thread_blocked, id=25800, stack(0x000000e285700000,0x000000e285800000)]
  0x000002376e5bf510 JavaThread "Common-Cleaner" daemon [_thread_blocked, id=19996, stack(0x000000e285800000,0x000000e285900000)]
  0x000002376e610500 JavaThread "C1 CompilerThread1" daemon [_thread_blocked, id=19248, stack(0x000000e285900000,0x000000e285a00000)]
  0x00000237705e7170 JavaThread "Notification Thread" daemon [_thread_blocked, id=27280, stack(0x000000e285b00000,0x000000e285c00000)]
  0x0000023770a36d20 JavaThread "Active Thread: Equinox Container: 35d41e12-786b-4266-a592-0a46a6820a45" [_thread_blocked, id=20196, stack(0x000000e286200000,0x000000e286300000)]
  0x000002376e63bd20 JavaThread "Framework Event Dispatcher: Equinox Container: 35d41e12-786b-4266-a592-0a46a6820a45" daemon [_thread_blocked, id=16144, stack(0x000000e285a00000,0x000000e285b00000)]
  0x0000023770a67f40 JavaThread "Start Level: Equinox Container: 35d41e12-786b-4266-a592-0a46a6820a45" daemon [_thread_in_Java, id=1268, stack(0x000000e286300000,0x000000e286400000)]
  0x00000237705c12a0 JavaThread "SCR Component Actor" daemon [_thread_blocked, id=5212, stack(0x000000e286400000,0x000000e286500000)]
  0x00000237707a1360 JavaThread "SCR Component Registry" daemon [_thread_blocked, id=10456, stack(0x000000e286700000,0x000000e286800000)]
  0x000002377081bee0 JavaThread "Worker-JM" [_thread_blocked, id=25728, stack(0x000000e286800000,0x000000e286900000)]
  0x0000023770819660 JavaThread "JNA Cleaner" daemon [_thread_blocked, id=18096, stack(0x000000e286c00000,0x000000e286d00000)]
  0x000002377081a590 JavaThread "Worker-0" [_thread_blocked, id=16244, stack(0x000000e286d00000,0x000000e286e00000)]
  0x000002377081c900 JavaThread "Worker-1" [_thread_blocked, id=16876, stack(0x000000e286e00000,0x000000e286f00000)]

Other Threads:
  0x00000237554fa6c0 VMThread "VM Thread" [stack: 0x000000e284e00000,0x000000e284f00000] [id=17600]
  0x00000237705ec6f0 WatcherThread [stack: 0x000000e285c00000,0x000000e285d00000] [id=19892]
  0x0000023755487df0 GCTaskThread "GC Thread#0" [stack: 0x000000e284d00000,0x000000e284e00000] [id=16108]
  0x0000023770f618f0 GCTaskThread "GC Thread#1" [stack: 0x000000e285d00000,0x000000e285e00000] [id=27072]
  0x0000023770e50890 GCTaskThread "GC Thread#2" [stack: 0x000000e285e00000,0x000000e285f00000] [id=18292]
  0x0000023770e50b50 GCTaskThread "GC Thread#3" [stack: 0x000000e285f00000,0x000000e286000000] [id=15368]
  0x0000023770ae38c0 GCTaskThread "GC Thread#4" [stack: 0x000000e286000000,0x000000e286100000] [id=26500]
  0x000002377091d890 GCTaskThread "GC Thread#5" [stack: 0x000000e286100000,0x000000e286200000] [id=18920]
  0x000002377091c810 GCTaskThread "GC Thread#6" [stack: 0x000000e286500000,0x000000e286600000] [id=12948]
  0x000002377091cad0 GCTaskThread "GC Thread#7" [stack: 0x000000e286600000,0x000000e286700000] [id=16112]
  0x000002377091cd90 GCTaskThread "GC Thread#8" [stack: 0x000000e286900000,0x000000e286a00000] [id=24980]
  0x000002377091d050 GCTaskThread "GC Thread#9" [stack: 0x000000e286a00000,0x000000e286b00000] [id=6640]
  0x000002377091d310 GCTaskThread "GC Thread#10" [stack: 0x000000e286b00000,0x000000e286c00000] [id=8256]
  0x000002377091d5d0 GCTaskThread "GC Thread#11" [stack: 0x000000e286f00000,0x000000e287000000] [id=15112]
  0x000002377091de10 GCTaskThread "GC Thread#12" [stack: 0x000000e287000000,0x000000e287100000] [id=25140]

Threads with active compile tasks:
C2 CompilerThread0     7702 2547       4       org.lombokweb.asm.ClassReader::readMethod (1070 bytes)

VM state: not at safepoint (normal execution)

VM Mutex/Monitor currently owned by a thread: None

Heap address: 0x00000000c0000000, size: 1024 MB, Compressed Oops mode: 32-bit

CDS archive(s) not mapped
Compressed class space mapped at: 0x0000000100000000-0x0000000140000000, reserved size: 1073741824
Narrow klass base: 0x0000000000000000, Narrow klass shift: 3, Narrow klass range: 0x140000000

GC Precious Log:
 CPUs: 16 total, 16 available
 Memory: 7421M
 Large Page Support: Disabled
 NUMA Support: Disabled
 Compressed Oops: Enabled (32-bit)
 Alignments: Space 512K, Generation 512K, Heap 2M
 Heap Min Capacity: 100M
 Heap Initial Capacity: 100M
 Heap Max Capacity: 1G
 Pre-touch: Disabled
 Parallel Workers: 13

Heap:
 PSYoungGen      total 27136K, used 8809K [0x00000000eab00000, 0x00000000ecb80000, 0x0000000100000000)
  eden space 24064K, 23% used [0x00000000eab00000,0x00000000eb0a1128,0x00000000ec280000)
  from space 3072K, 99% used [0x00000000ec400000,0x00000000ec6f9550,0x00000000ec700000)
  to   space 4608K, 0% used [0x00000000ec700000,0x00000000ec700000,0x00000000ecb80000)
 ParOldGen       total 68608K, used 8128K [0x00000000c0000000, 0x00000000c4300000, 0x00000000eab00000)
  object space 68608K, 11% used [0x00000000c0000000,0x00000000c07f00b8,0x00000000c4300000)
 Metaspace       used 31620K, committed 32192K, reserved 1114112K
  class space    used 3060K, committed 3328K, reserved 1048576K

Card table byte_map: [0x0000023754e20000,0x0000023755030000] _byte_map_base: 0x0000023754820000

Marking Bits: (ParMarkBitMap*) 0x00007ffed9536940
 Begin Bits: [0x00000237670f0000, 0x00000237680f0000)
 End Bits:   [0x00000237680f0000, 0x00000237690f0000)

Polling page: 0x0000023754c10000

Metaspace:

Usage:
  Non-class:     27.89 MB used.
      Class:      2.99 MB used.
       Both:     30.88 MB used.

Virtual space:
  Non-class space:       64.00 MB reserved,      28.19 MB ( 44%) committed,  1 nodes.
      Class space:        1.00 GB reserved,       3.25 MB ( <1%) committed,  1 nodes.
             Both:        1.06 GB reserved,      31.44 MB (  3%) committed. 

Chunk freelists:
   Non-Class:  2.95 MB
       Class:  12.68 MB
        Both:  15.63 MB

MaxMetaspaceSize: unlimited
CompressedClassSpaceSize: 1.00 GB
Initial GC threshold: 21.00 MB
Current GC threshold: 35.00 MB
CDS: off
MetaspaceReclaimPolicy: balanced
 - commit_granule_bytes: 65536.
 - commit_granule_words: 8192.
 - virtual_space_node_default_size: 8388608.
 - enlarge_chunks_in_place: 1.
 - new_chunks_are_fully_committed: 0.
 - uncommit_free_chunks: 1.
 - use_allocation_guard: 0.
 - handle_deallocations: 1.


Internal statistics:

num_allocs_failed_limit: 3.
num_arena_births: 316.
num_arena_deaths: 14.
num_vsnodes_births: 2.
num_vsnodes_deaths: 0.
num_space_committed: 503.
num_space_uncommitted: 0.
num_chunks_returned_to_freelist: 17.
num_chunks_taken_from_freelist: 1201.
num_chunk_merges: 8.
num_chunk_splits: 783.
num_chunks_enlarged: 530.
num_inconsistent_stats: 0.

CodeHeap 'non-profiled nmethods': size=119168Kb used=969Kb max_used=969Kb free=118198Kb
 bounds [0x000002375fc90000, 0x000002375ff00000, 0x00000237670f0000]
CodeHeap 'profiled nmethods': size=119104Kb used=5806Kb max_used=5806Kb free=113297Kb
 bounds [0x00000237580f0000, 0x00000237586a0000, 0x000002375f540000]
CodeHeap 'non-nmethods': size=7488Kb used=1821Kb max_used=2315Kb free=5666Kb
 bounds [0x000002375f540000, 0x000002375f7b0000, 0x000002375fc90000]
 total_blobs=3407 nmethods=2832 adapters=488
 compilation: enabled
              stopped_count=0, restarted_count=0
 full_count=0

Compilation events (20 events):
Event: 7.672 Thread 0x000002376e474af0 nmethod 2830 0x000002375868ec90 code [0x000002375868ee20, 0x000002375868efd8]
Event: 7.672 Thread 0x000002376e610500 nmethod 2831 0x000002375868f090 code [0x000002375868f220, 0x000002375868f398]
Event: 7.672 Thread 0x000002376e474af0 2832       3       com.sun.org.apache.xerces.internal.util.XMLChar::isName (23 bytes)
Event: 7.672 Thread 0x000002376e610500 2833       3       com.sun.org.apache.xerces.internal.dom.NodeImpl::needsSyncData (15 bytes)
Event: 7.672 Thread 0x000002376e610500 nmethod 2833 0x000002375868f410 code [0x000002375868f5a0, 0x000002375868f718]
Event: 7.672 Thread 0x000002376e474af0 nmethod 2832 0x000002375868f790 code [0x000002375868f920, 0x000002375868fad8]
Event: 7.672 Thread 0x000002376e610500 2834       3       java.util.ArrayList::add (65 bytes)
Event: 7.672 Thread 0x000002376e474af0 2835       3       com.sun.org.apache.xerces.internal.dom.AttrImpl::getNodeName (16 bytes)
Event: 7.672 Thread 0x000002376e474af0 nmethod 2835 0x000002375868fb90 code [0x000002375868fd40, 0x0000023758690008]
Event: 7.672 Thread 0x000002376e474af0 2837       3       com.sun.org.apache.xerces.internal.dom.NodeImpl::isNormalized (17 bytes)
Event: 7.673 Thread 0x000002376e474af0 nmethod 2837 0x0000023758690110 code [0x00000237586902a0, 0x0000023758690418]
Event: 7.673 Thread 0x000002376e610500 nmethod 2834 0x0000023758690490 code [0x00000237586906a0, 0x0000023758690cd8]
Event: 7.673 Thread 0x000002376e474af0 2838       3       com.sun.org.apache.xerces.internal.dom.NodeImpl::isSpecified (27 bytes)
Event: 7.673 Thread 0x000002376e610500 2836       1       com.sun.org.apache.xerces.internal.dom.DocumentImpl::getMutationEvents (5 bytes)
Event: 7.673 Thread 0x000002376e610500 nmethod 2836 0x000002375fd82190 code [0x000002375fd82320, 0x000002375fd823f8]
Event: 7.673 Thread 0x000002376e474af0 nmethod 2838 0x0000023758690f90 code [0x0000023758691120, 0x0000023758691298]
Event: 7.674 Thread 0x000002376e474af0 2839       3       java.lang.StringBuilder::append (8 bytes)
Event: 7.674 Thread 0x000002376e474af0 nmethod 2839 0x0000023758691310 code [0x00000237586914a0, 0x00000237586915e8]
Event: 7.674 Thread 0x000002376e474af0 2840       1       java.util.Collections$EmptyEnumeration::hasMoreElements (2 bytes)
Event: 7.674 Thread 0x000002376e474af0 nmethod 2840 0x000002375fd82490 code [0x000002375fd82620, 0x000002375fd826f8]

GC Heap History (16 events):
Event: 0.900 GC heap before
{Heap before GC invocations=1 (full 0):
 PSYoungGen      total 29696K, used 25594K [0x00000000eab00000, 0x00000000ecc00000, 0x0000000100000000)
  eden space 25600K, 99% used [0x00000000eab00000,0x00000000ec3fe868,0x00000000ec400000)
  from space 4096K, 0% used [0x00000000ec800000,0x00000000ec800000,0x00000000ecc00000)
  to   space 4096K, 0% used [0x00000000ec400000,0x00000000ec400000,0x00000000ec800000)
 ParOldGen       total 68608K, used 0K [0x00000000c0000000, 0x00000000c4300000, 0x00000000eab00000)
  object space 68608K, 0% used [0x00000000c0000000,0x00000000c0000000,0x00000000c4300000)
 Metaspace       used 10652K, committed 10816K, reserved 1114112K
  class space    used 1063K, committed 1152K, reserved 1048576K
}
Event: 0.908 GC heap after
{Heap after GC invocations=1 (full 0):
 PSYoungGen      total 29696K, used 3124K [0x00000000eab00000, 0x00000000ecc00000, 0x0000000100000000)
  eden space 25600K, 0% used [0x00000000eab00000,0x00000000eab00000,0x00000000ec400000)
  from space 4096K, 76% used [0x00000000ec400000,0x00000000ec70d330,0x00000000ec800000)
  to   space 4096K, 0% used [0x00000000ec800000,0x00000000ec800000,0x00000000ecc00000)
 ParOldGen       total 68608K, used 16K [0x00000000c0000000, 0x00000000c4300000, 0x00000000eab00000)
  object space 68608K, 0% used [0x00000000c0000000,0x00000000c0004000,0x00000000c4300000)
 Metaspace       used 10652K, committed 10816K, reserved 1114112K
  class space    used 1063K, committed 1152K, reserved 1048576K
}
Event: 5.951 GC heap before
{Heap before GC invocations=2 (full 0):
 PSYoungGen      total 29696K, used 28724K [0x00000000eab00000, 0x00000000ecc00000, 0x0000000100000000)
  eden space 25600K, 100% used [0x00000000eab00000,0x00000000ec400000,0x00000000ec400000)
  from space 4096K, 76% used [0x00000000ec400000,0x00000000ec70d330,0x00000000ec800000)
  to   space 4096K, 0% used [0x00000000ec800000,0x00000000ec800000,0x00000000ecc00000)
 ParOldGen       total 68608K, used 16K [0x00000000c0000000, 0x00000000c4300000, 0x00000000eab00000)
  object space 68608K, 0% used [0x00000000c0000000,0x00000000c0004000,0x00000000c4300000)
 Metaspace       used 14468K, committed 14656K, reserved 1114112K
  class space    used 1442K, committed 1536K, reserved 1048576K
}
Event: 5.959 GC heap after
{Heap after GC invocations=2 (full 0):
 PSYoungGen      total 29696K, used 4073K [0x00000000eab00000, 0x00000000ecc00000, 0x0000000100000000)
  eden space 25600K, 0% used [0x00000000eab00000,0x00000000eab00000,0x00000000ec400000)
  from space 4096K, 99% used [0x00000000ec800000,0x00000000ecbfa7e0,0x00000000ecc00000)
  to   space 4096K, 0% used [0x00000000ec400000,0x00000000ec400000,0x00000000ec800000)
 ParOldGen       total 68608K, used 746K [0x00000000c0000000, 0x00000000c4300000, 0x00000000eab00000)
  object space 68608K, 1% used [0x00000000c0000000,0x00000000c00bab70,0x00000000c4300000)
 Metaspace       used 14468K, committed 14656K, reserved 1114112K
  class space    used 1442K, committed 1536K, reserved 1048576K
}
Event: 6.495 GC heap before
{Heap before GC invocations=3 (full 0):
 PSYoungGen      total 29696K, used 29665K [0x00000000eab00000, 0x00000000ecc00000, 0x0000000100000000)
  eden space 25600K, 99% used [0x00000000eab00000,0x00000000ec3fdf88,0x00000000ec400000)
  from space 4096K, 99% used [0x00000000ec800000,0x00000000ecbfa7e0,0x00000000ecc00000)
  to   space 4096K, 0% used [0x00000000ec400000,0x00000000ec400000,0x00000000ec800000)
 ParOldGen       total 68608K, used 746K [0x00000000c0000000, 0x00000000c4300000, 0x00000000eab00000)
  object space 68608K, 1% used [0x00000000c0000000,0x00000000c00bab70,0x00000000c4300000)
 Metaspace       used 19438K, committed 19776K, reserved 1114112K
  class space    used 1981K, committed 2112K, reserved 1048576K
}
Event: 6.500 GC heap after
{Heap after GC invocations=3 (full 0):
 PSYoungGen      total 29696K, used 4076K [0x00000000eab00000, 0x00000000ecc00000, 0x0000000100000000)
  eden space 25600K, 0% used [0x00000000eab00000,0x00000000eab00000,0x00000000ec400000)
  from space 4096K, 99% used [0x00000000ec400000,0x00000000ec7fb100,0x00000000ec800000)
  to   space 4096K, 0% used [0x00000000ec800000,0x00000000ec800000,0x00000000ecc00000)
 ParOldGen       total 68608K, used 2555K [0x00000000c0000000, 0x00000000c4300000, 0x00000000eab00000)
  object space 68608K, 3% used [0x00000000c0000000,0x00000000c027ee50,0x00000000c4300000)
 Metaspace       used 19438K, committed 19776K, reserved 1114112K
  class space    used 1981K, committed 2112K, reserved 1048576K
}
Event: 6.687 GC heap before
{Heap before GC invocations=4 (full 0):
 PSYoungGen      total 29696K, used 13586K [0x00000000eab00000, 0x00000000ecc00000, 0x0000000100000000)
  eden space 25600K, 37% used [0x00000000eab00000,0x00000000eb449a10,0x00000000ec400000)
  from space 4096K, 99% used [0x00000000ec400000,0x00000000ec7fb100,0x00000000ec800000)
  to   space 4096K, 0% used [0x00000000ec800000,0x00000000ec800000,0x00000000ecc00000)
 ParOldGen       total 68608K, used 2555K [0x00000000c0000000, 0x00000000c4300000, 0x00000000eab00000)
  object space 68608K, 3% used [0x00000000c0000000,0x00000000c027ee50,0x00000000c4300000)
 Metaspace       used 21099K, committed 21504K, reserved 1114112K
  class space    used 2151K, committed 2368K, reserved 1048576K
}
Event: 6.690 GC heap after
{Heap after GC invocations=4 (full 0):
 PSYoungGen      total 29696K, used 4087K [0x00000000eab00000, 0x00000000ecc00000, 0x0000000100000000)
  eden space 25600K, 0% used [0x00000000eab00000,0x00000000eab00000,0x00000000ec400000)
  from space 4096K, 99% used [0x00000000ec800000,0x00000000ecbfde58,0x00000000ecc00000)
  to   space 4096K, 0% used [0x00000000ec400000,0x00000000ec400000,0x00000000ec800000)
 ParOldGen       total 68608K, used 3063K [0x00000000c0000000, 0x00000000c4300000, 0x00000000eab00000)
  object space 68608K, 4% used [0x00000000c0000000,0x00000000c02fde70,0x00000000c4300000)
 Metaspace       used 21099K, committed 21504K, reserved 1114112K
  class space    used 2151K, committed 2368K, reserved 1048576K
}
Event: 6.690 GC heap before
{Heap before GC invocations=5 (full 1):
 PSYoungGen      total 29696K, used 4087K [0x00000000eab00000, 0x00000000ecc00000, 0x0000000100000000)
  eden space 25600K, 0% used [0x00000000eab00000,0x00000000eab00000,0x00000000ec400000)
  from space 4096K, 99% used [0x00000000ec800000,0x00000000ecbfde58,0x00000000ecc00000)
  to   space 4096K, 0% used [0x00000000ec400000,0x00000000ec400000,0x00000000ec800000)
 ParOldGen       total 68608K, used 3063K [0x00000000c0000000, 0x00000000c4300000, 0x00000000eab00000)
  object space 68608K, 4% used [0x00000000c0000000,0x00000000c02fde70,0x00000000c4300000)
 Metaspace       used 21099K, committed 21504K, reserved 1114112K
  class space    used 2151K, committed 2368K, reserved 1048576K
}
Event: 6.709 GC heap after
{Heap after GC invocations=5 (full 1):
 PSYoungGen      total 29696K, used 0K [0x00000000eab00000, 0x00000000ecc00000, 0x0000000100000000)
  eden space 25600K, 0% used [0x00000000eab00000,0x00000000eab00000,0x00000000ec400000)
  from space 4096K, 0% used [0x00000000ec800000,0x00000000ec800000,0x00000000ecc00000)
  to   space 4096K, 0% used [0x00000000ec400000,0x00000000ec400000,0x00000000ec800000)
 ParOldGen       total 68608K, used 6955K [0x00000000c0000000, 0x00000000c4300000, 0x00000000eab00000)
  object space 68608K, 10% used [0x00000000c0000000,0x00000000c06cafe8,0x00000000c4300000)
 Metaspace       used 21086K, committed 21504K, reserved 1114112K
  class space    used 2148K, committed 2368K, reserved 1048576K
}
Event: 7.127 GC heap before
{Heap before GC invocations=6 (full 1):
 PSYoungGen      total 29696K, used 25397K [0x00000000eab00000, 0x00000000ecc00000, 0x0000000100000000)
  eden space 25600K, 99% used [0x00000000eab00000,0x00000000ec3cd6c8,0x00000000ec400000)
  from space 4096K, 0% used [0x00000000ec800000,0x00000000ec800000,0x00000000ecc00000)
  to   space 4096K, 0% used [0x00000000ec400000,0x00000000ec400000,0x00000000ec800000)
 ParOldGen       total 68608K, used 6955K [0x00000000c0000000, 0x00000000c4300000, 0x00000000eab00000)
  object space 68608K, 10% used [0x00000000c0000000,0x00000000c06cafe8,0x00000000c4300000)
 Metaspace       used 23668K, committed 24192K, reserved 1114112K
  class space    used 2406K, committed 2624K, reserved 1048576K
}
Event: 7.129 GC heap after
{Heap after GC invocations=6 (full 1):
 PSYoungGen      total 27648K, used 2530K [0x00000000eab00000, 0x00000000eca80000, 0x0000000100000000)
  eden space 25088K, 0% used [0x00000000eab00000,0x00000000eab00000,0x00000000ec380000)
  from space 2560K, 98% used [0x00000000ec400000,0x00000000ec678820,0x00000000ec680000)
  to   space 3584K, 0% used [0x00000000ec700000,0x00000000ec700000,0x00000000eca80000)
 ParOldGen       total 68608K, used 6963K [0x00000000c0000000, 0x00000000c4300000, 0x00000000eab00000)
  object space 68608K, 10% used [0x00000000c0000000,0x00000000c06ccfe8,0x00000000c4300000)
 Metaspace       used 23668K, committed 24192K, reserved 1114112K
  class space    used 2406K, committed 2624K, reserved 1048576K
}
Event: 7.379 GC heap before
{Heap before GC invocations=7 (full 1):
 PSYoungGen      total 27648K, used 27618K [0x00000000eab00000, 0x00000000eca80000, 0x0000000100000000)
  eden space 25088K, 100% used [0x00000000eab00000,0x00000000ec380000,0x00000000ec380000)
  from space 2560K, 98% used [0x00000000ec400000,0x00000000ec678820,0x00000000ec680000)
  to   space 3584K, 0% used [0x00000000ec700000,0x00000000ec700000,0x00000000eca80000)
 ParOldGen       total 68608K, used 6963K [0x00000000c0000000, 0x00000000c4300000, 0x00000000eab00000)
  object space 68608K, 10% used [0x00000000c0000000,0x00000000c06ccfe8,0x00000000c4300000)
 Metaspace       used 27983K, committed 28544K, reserved 1114112K
  class space    used 2715K, committed 2944K, reserved 1048576K
}
Event: 7.380 GC heap after
{Heap after GC invocations=7 (full 1):
 PSYoungGen      total 27648K, used 2719K [0x00000000eab00000, 0x00000000eca00000, 0x0000000100000000)
  eden space 24576K, 0% used [0x00000000eab00000,0x00000000eab00000,0x00000000ec300000)
  from space 3072K, 88% used [0x00000000ec700000,0x00000000ec9a7d40,0x00000000eca00000)
  to   space 3072K, 0% used [0x00000000ec400000,0x00000000ec400000,0x00000000ec700000)
 ParOldGen       total 68608K, used 6971K [0x00000000c0000000, 0x00000000c4300000, 0x00000000eab00000)
  object space 68608K, 10% used [0x00000000c0000000,0x00000000c06cefe8,0x00000000c4300000)
 Metaspace       used 27983K, committed 28544K, reserved 1114112K
  class space    used 2715K, committed 2944K, reserved 1048576K
}
Event: 7.621 GC heap before
{Heap before GC invocations=8 (full 1):
 PSYoungGen      total 27648K, used 27295K [0x00000000eab00000, 0x00000000eca00000, 0x0000000100000000)
  eden space 24576K, 100% used [0x00000000eab00000,0x00000000ec300000,0x00000000ec300000)
  from space 3072K, 88% used [0x00000000ec700000,0x00000000ec9a7d40,0x00000000eca00000)
  to   space 3072K, 0% used [0x00000000ec400000,0x00000000ec400000,0x00000000ec700000)
 ParOldGen       total 68608K, used 6971K [0x00000000c0000000, 0x00000000c4300000, 0x00000000eab00000)
  object space 68608K, 10% used [0x00000000c0000000,0x00000000c06cefe8,0x00000000c4300000)
 Metaspace       used 30558K, committed 31168K, reserved 1114112K
  class space    used 2944K, committed 3200K, reserved 1048576K
}
Event: 7.623 GC heap after
{Heap after GC invocations=8 (full 1):
 PSYoungGen      total 27136K, used 3045K [0x00000000eab00000, 0x00000000ecb80000, 0x0000000100000000)
  eden space 24064K, 0% used [0x00000000eab00000,0x00000000eab00000,0x00000000ec280000)
  from space 3072K, 99% used [0x00000000ec400000,0x00000000ec6f9550,0x00000000ec700000)
  to   space 4608K, 0% used [0x00000000ec700000,0x00000000ec700000,0x00000000ecb80000)
 ParOldGen       total 68608K, used 8128K [0x00000000c0000000, 0x00000000c4300000, 0x00000000eab00000)
  object space 68608K, 11% used [0x00000000c0000000,0x00000000c07f00b8,0x00000000c4300000)
 Metaspace       used 30558K, committed 31168K, reserved 1114112K
  class space    used 2944K, committed 3200K, reserved 1048576K
}

Dll operation events (10 events):
Event: 0.064 Loaded shared library c:\Users\ASUS\.vscode\extensions\redhat.java-1.36.0-win32-x64\jre\17.0.13-win32-x86_64\bin\java.dll
Event: 0.251 Loaded shared library c:\Users\ASUS\.vscode\extensions\redhat.java-1.36.0-win32-x64\jre\17.0.13-win32-x86_64\bin\zip.dll
Event: 0.255 Loaded shared library C:\Users\ASUS\.vscode\extensions\redhat.java-1.36.0-win32-x64\jre\17.0.13-win32-x86_64\bin\instrument.dll
Event: 0.269 Loaded shared library C:\Users\ASUS\.vscode\extensions\redhat.java-1.36.0-win32-x64\jre\17.0.13-win32-x86_64\bin\net.dll
Event: 0.273 Loaded shared library C:\Users\ASUS\.vscode\extensions\redhat.java-1.36.0-win32-x64\jre\17.0.13-win32-x86_64\bin\nio.dll
Event: 0.280 Loaded shared library C:\Users\ASUS\.vscode\extensions\redhat.java-1.36.0-win32-x64\jre\17.0.13-win32-x86_64\bin\zip.dll
Event: 0.300 Loaded shared library C:\Users\ASUS\.vscode\extensions\redhat.java-1.36.0-win32-x64\jre\17.0.13-win32-x86_64\bin\jimage.dll
Event: 0.361 Loaded shared library c:\Users\ASUS\.vscode\extensions\redhat.java-1.36.0-win32-x64\jre\17.0.13-win32-x86_64\bin\verify.dll
Event: 5.881 Loaded shared library C:\Users\ASUS\AppData\Roaming\Code\User\globalStorage\redhat.java\1.36.0\config_ss_win\org.eclipse.equinox.launcher\org.eclipse.equinox.launcher.win32.win32.x86_64_1.2.1100.v20240722-2106\eclipse_11904.dll
Event: 6.925 Loaded shared library C:\Users\ASUS\AppData\Local\Temp\jna-2018896\jna12670005325146885501.dll

Deoptimization events (20 events):
Event: 7.587 Thread 0x0000023770a67f40 DEOPT PACKING pc=0x000002375fcab874 sp=0x000000e2863fe1d0
Event: 7.587 Thread 0x0000023770a67f40 DEOPT UNPACKING pc=0x000002375f5966a3 sp=0x000000e2863fe0f8 mode 2
Event: 7.587 Thread 0x0000023770a67f40 Uncommon trap: trap_request=0xffffff45 fr.pc=0x000002375fcac154 relative=0x0000000000000334
Event: 7.587 Thread 0x0000023770a67f40 Uncommon trap: reason=unstable_if action=reinterpret pc=0x000002375fcac154 method=java.lang.AbstractStringBuilder.isLatin1()Z @ 10 c2
Event: 7.587 Thread 0x0000023770a67f40 DEOPT PACKING pc=0x000002375fcac154 sp=0x000000e2863fe1f0
Event: 7.587 Thread 0x0000023770a67f40 DEOPT UNPACKING pc=0x000002375f5966a3 sp=0x000000e2863fe170 mode 2
Event: 7.587 Thread 0x0000023770a67f40 Uncommon trap: trap_request=0xffffff45 fr.pc=0x000002375fd6a4dc relative=0x000000000000005c
Event: 7.587 Thread 0x0000023770a67f40 Uncommon trap: reason=unstable_if action=reinterpret pc=0x000002375fd6a4dc method=java.lang.AbstractStringBuilder.isLatin1()Z @ 10 c2
Event: 7.587 Thread 0x0000023770a67f40 DEOPT PACKING pc=0x000002375fd6a4dc sp=0x000000e2863fe1d0
Event: 7.587 Thread 0x0000023770a67f40 DEOPT UNPACKING pc=0x000002375f5966a3 sp=0x000000e2863fe160 mode 2
Event: 7.590 Thread 0x0000023770a67f40 Uncommon trap: trap_request=0xffffffc6 fr.pc=0x000002375fd0d300 relative=0x0000000000000940
Event: 7.590 Thread 0x0000023770a67f40 Uncommon trap: reason=bimorphic_or_optimized_type_check action=maybe_recompile pc=0x000002375fd0d300 method=java.util.HashMap.putVal(ILjava/lang/Object;Ljava/lang/Object;ZZ)Ljava/lang/Object; @ 56 c2
Event: 7.590 Thread 0x0000023770a67f40 DEOPT PACKING pc=0x000002375fd0d300 sp=0x000000e2863fd900
Event: 7.590 Thread 0x0000023770a67f40 DEOPT UNPACKING pc=0x000002375f5966a3 sp=0x000000e2863fd858 mode 2
Event: 7.590 Thread 0x0000023770a67f40 Uncommon trap: trap_request=0xffffffc6 fr.pc=0x000002375fd0d300 relative=0x0000000000000940
Event: 7.590 Thread 0x0000023770a67f40 Uncommon trap: reason=bimorphic_or_optimized_type_check action=maybe_recompile pc=0x000002375fd0d300 method=java.util.HashMap.putVal(ILjava/lang/Object;Ljava/lang/Object;ZZ)Ljava/lang/Object; @ 56 c2
Event: 7.590 Thread 0x0000023770a67f40 DEOPT PACKING pc=0x000002375fd0d300 sp=0x000000e2863fd900
Event: 7.590 Thread 0x0000023770a67f40 DEOPT UNPACKING pc=0x000002375f5966a3 sp=0x000000e2863fd858 mode 2
Event: 7.665 Thread 0x0000023770a67f40 DEOPT PACKING pc=0x00000237581ece8e sp=0x000000e2863fd5d0
Event: 7.665 Thread 0x0000023770a67f40 DEOPT UNPACKING pc=0x000002375f596e43 sp=0x000000e2863fcac8 mode 0

Classes loaded (20 events):
Event: 7.676 Loading class javax/xml/catalog/CatalogFeatures$Builder done
Event: 7.676 Loading class jdk/xml/internal/JdkXmlFeatures
Event: 7.676 Loading class jdk/xml/internal/JdkXmlFeatures done
Event: 7.677 Loading class jdk/xml/internal/JdkXmlFeatures$XmlFeature
Event: 7.677 Loading class jdk/xml/internal/JdkXmlFeatures$XmlFeature done
Event: 7.677 Loading class jdk/xml/internal/JdkProperty$ImplPropMap
Event: 7.677 Loading class jdk/xml/internal/JdkProperty$ImplPropMap done
Event: 7.677 Loading class com/sun/org/apache/xalan/internal/utils/XMLSecurityPropertyManager
Event: 7.677 Loading class com/sun/org/apache/xalan/internal/utils/FeaturePropertyBase
Event: 7.678 Loading class com/sun/org/apache/xalan/internal/utils/FeaturePropertyBase done
Event: 7.678 Loading class com/sun/org/apache/xalan/internal/utils/XMLSecurityPropertyManager done
Event: 7.678 Loading class com/sun/org/apache/xalan/internal/utils/FeaturePropertyBase$State
Event: 7.678 Loading class com/sun/org/apache/xalan/internal/utils/FeaturePropertyBase$State done
Event: 7.678 Loading class com/sun/org/apache/xalan/internal/utils/XMLSecurityPropertyManager$Property
Event: 7.678 Loading class com/sun/org/apache/xalan/internal/utils/XMLSecurityPropertyManager$Property done
Event: 7.678 Loading class jdk/xml/internal/XMLSecurityManager
Event: 7.679 Loading class jdk/xml/internal/XMLSecurityManager done
Event: 7.679 Loading class jdk/xml/internal/XMLSecurityManager$Limit
Event: 7.679 Loading class jdk/xml/internal/XMLSecurityManager$Limit done
Event: 7.679 Loading class jdk/xml/internal/XMLSecurityManager$Processor

Classes unloaded (7 events):
Event: 6.693 Thread 0x00000237554fa6c0 Unloading class 0x000000010021b400 'java/lang/invoke/LambdaForm$MH+0x000000010021b400'
Event: 6.693 Thread 0x00000237554fa6c0 Unloading class 0x000000010021b000 'java/lang/invoke/LambdaForm$MH+0x000000010021b000'
Event: 6.693 Thread 0x00000237554fa6c0 Unloading class 0x000000010021ac00 'java/lang/invoke/LambdaForm$MH+0x000000010021ac00'
Event: 6.693 Thread 0x00000237554fa6c0 Unloading class 0x000000010021a800 'java/lang/invoke/LambdaForm$MH+0x000000010021a800'
Event: 6.693 Thread 0x00000237554fa6c0 Unloading class 0x000000010021a400 'java/lang/invoke/LambdaForm$BMH+0x000000010021a400'
Event: 6.693 Thread 0x00000237554fa6c0 Unloading class 0x000000010021a000 'java/lang/invoke/LambdaForm$DMH+0x000000010021a000'
Event: 6.693 Thread 0x00000237554fa6c0 Unloading class 0x0000000100214400 'java/lang/invoke/LambdaForm$DMH+0x0000000100214400'

Classes redefined (0 events):
No events

Internal exceptions (20 events):
Event: 6.827 Thread 0x0000023770a67f40 Exception <a 'java/lang/NoSuchMethodError'{0x00000000eacaacd8}: 'java.lang.Object java.lang.invoke.DirectMethodHandle$Holder.invokeStaticInit(java.lang.Object, java.lang.Object, int, int, int, int)'> (0x00000000eacaacd8) 
thrown [s\src\hotspot\share\interpreter\linkResolver.cpp, line 759]
Event: 6.980 Thread 0x0000023770a67f40 Exception <a 'java/lang/NoSuchMethodError'{0x00000000eafda248}: 'java.lang.Object java.lang.invoke.DirectMethodHandle$Holder.invokeSpecial(java.lang.Object, java.lang.Object, java.lang.Object, long, java.lang.Object)'> (0x00000000eafda248) 
thrown [s\src\hotspot\share\interpreter\linkResolver.cpp, line 759]
Event: 6.981 Thread 0x0000023770a67f40 Exception <a 'java/lang/NoSuchMethodError'{0x00000000eafe2400}: 'java.lang.Object java.lang.invoke.DirectMethodHandle$Holder.newInvokeSpecial(java.lang.Object, java.lang.Object, java.lang.Object, long)'> (0x00000000eafe2400) 
thrown [s\src\hotspot\share\interpreter\linkResolver.cpp, line 759]
Event: 6.981 Thread 0x0000023770a67f40 Exception <a 'java/lang/NoSuchMethodError'{0x00000000eafe69a0}: 'java.lang.Object java.lang.invoke.DirectMethodHandle$Holder.invokeSpecial(java.lang.Object, java.lang.Object, java.lang.Object, java.lang.Object, long)'> (0x00000000eafe69a0) 
thrown [s\src\hotspot\share\interpreter\linkResolver.cpp, line 759]
Event: 6.981 Thread 0x0000023770a67f40 Exception <a 'java/lang/NoSuchMethodError'{0x00000000eafea818}: 'java.lang.Object java.lang.invoke.Invokers$Holder.linkToTargetMethod(java.lang.Object, java.lang.Object, long, java.lang.Object)'> (0x00000000eafea818) 
thrown [s\src\hotspot\share\interpreter\linkResolver.cpp, line 759]
Event: 6.990 Thread 0x0000023770a67f40 Exception <a 'java/lang/NoSuchMethodError'{0x00000000eb0591b0}: 'int java.lang.invoke.DirectMethodHandle$Holder.invokeStaticInit(java.lang.Object, java.lang.Object, java.lang.Object)'> (0x00000000eb0591b0) 
thrown [s\src\hotspot\share\interpreter\linkResolver.cpp, line 759]
Event: 6.997 Thread 0x0000023770a67f40 Exception <a 'java/lang/IncompatibleClassChangeError'{0x00000000eb0df968}: Found class java.lang.Object, but interface was expected> (0x00000000eb0df968) 
thrown [s\src\hotspot\share\interpreter\linkResolver.cpp, line 826]
Event: 7.001 Thread 0x0000023770a67f40 Exception <a 'java/lang/NoSuchMethodError'{0x00000000eb0f2f60}: 'java.lang.Object java.lang.invoke.DirectMethodHandle$Holder.invokeSpecial(java.lang.Object, java.lang.Object, java.lang.Object, int, java.lang.Object, java.lang.Object)'> (0x00000000eb0f2f60) 
thrown [s\src\hotspot\share\interpreter\linkResolver.cpp, line 759]
Event: 7.001 Thread 0x0000023770a67f40 Exception <a 'java/lang/NoSuchMethodError'{0x00000000eb0fb6e8}: 'java.lang.Object java.lang.invoke.DirectMethodHandle$Holder.newInvokeSpecial(java.lang.Object, java.lang.Object, java.lang.Object, int, java.lang.Object)'> (0x00000000eb0fb6e8) 
thrown [s\src\hotspot\share\interpreter\linkResolver.cpp, line 759]
Event: 7.002 Thread 0x0000023770a67f40 Exception <a 'java/lang/NoSuchMethodError'{0x00000000eb0ffb40}: 'java.lang.Object java.lang.invoke.DirectMethodHandle$Holder.invokeSpecial(java.lang.Object, java.lang.Object, java.lang.Object, java.lang.Object, int, java.lang.Object)'> (0x00000000eb0ffb40) 
thrown [s\src\hotspot\share\interpreter\linkResolver.cpp, line 759]
Event: 7.002 Thread 0x000002377081a590 Exception <a 'java/lang/NoSuchMethodError'{0x00000000eb016e50}: 'java.lang.Object java.lang.invoke.DirectMethodHandle$Holder.invokeSpecial(java.lang.Object, java.lang.Object, int, java.lang.Object, java.lang.Object)'> (0x00000000eb016e50) 
thrown [s\src\hotspot\share\interpreter\linkResolver.cpp, line 759]
Event: 7.003 Thread 0x000002377081a590 Exception <a 'java/lang/NoSuchMethodError'{0x00000000eb01e520}: 'java.lang.Object java.lang.invoke.DirectMethodHandle$Holder.newInvokeSpecial(java.lang.Object, java.lang.Object, int, java.lang.Object)'> (0x00000000eb01e520) 
thrown [s\src\hotspot\share\interpreter\linkResolver.cpp, line 759]
Event: 7.003 Thread 0x000002377081a590 Exception <a 'java/lang/NoSuchMethodError'{0x00000000eb022030}: 'java.lang.Object java.lang.invoke.DirectMethodHandle$Holder.invokeSpecial(java.lang.Object, java.lang.Object, java.lang.Object, int, java.lang.Object)'> (0x00000000eb022030) 
thrown [s\src\hotspot\share\interpreter\linkResolver.cpp, line 759]
Event: 7.042 Thread 0x0000023770a67f40 Exception <a 'java/lang/NoSuchMethodError'{0x00000000eb44b558}: 'double java.lang.invoke.DirectMethodHandle$Holder.invokeStatic(java.lang.Object, java.lang.Object)'> (0x00000000eb44b558) 
thrown [s\src\hotspot\share\interpreter\linkResolver.cpp, line 759]
Event: 7.042 Thread 0x0000023770a67f40 Exception <a 'java/lang/NoSuchMethodError'{0x00000000eb44ee70}: 'double java.lang.invoke.DirectMethodHandle$Holder.invokeStaticInit(java.lang.Object, java.lang.Object)'> (0x00000000eb44ee70) 
thrown [s\src\hotspot\share\interpreter\linkResolver.cpp, line 759]
Event: 7.506 Thread 0x0000023770a67f40 Exception <a 'java/lang/ClassNotFoundException'{0x00000000ebbb9870}: com/sun/org/apache/xerces/internal/impl/msg/spi/DOMMessagesProvider> (0x00000000ebbb9870) 
thrown [s\src\hotspot\share\classfile\systemDictionary.cpp, line 256]
Event: 7.508 Thread 0x0000023770a67f40 Exception <a 'java/lang/ClassNotFoundException'{0x00000000ebbe6f20}: com/sun/org/apache/xerces/internal/impl/msg/spi/XMLSerializerMessagesProvider> (0x00000000ebbe6f20) 
thrown [s\src\hotspot\share\classfile\systemDictionary.cpp, line 256]
Event: 7.509 Thread 0x0000023770a67f40 Exception <a 'java/lang/ClassNotFoundException'{0x00000000ebbf41f8}: com/sun/org/apache/xerces/internal/impl/msg/spi/XMLMessagesProvider> (0x00000000ebbf41f8) 
thrown [s\src\hotspot\share\classfile\systemDictionary.cpp, line 256]
Event: 7.546 Thread 0x0000023770a67f40 Exception <a 'java/lang/NoSuchMethodError'{0x00000000ebe269f8}: 'java.lang.Object java.lang.invoke.DirectMethodHandle$Holder.newInvokeSpecial(java.lang.Object, int, java.lang.Object, java.lang.Object)'> (0x00000000ebe269f8) 
thrown [s\src\hotspot\share\interpreter\linkResolver.cpp, line 759]
Event: 7.596 Thread 0x0000023770a67f40 Exception <a 'sun/nio/fs/WindowsException'{0x00000000ec19bc48}> (0x00000000ec19bc48) 
thrown [s\src\hotspot\share\prims\jni.cpp, line 516]

VM Operations (20 events):
Event: 7.127 Executing VM operation: ParallelGCFailedAllocation
Event: 7.129 Executing VM operation: ParallelGCFailedAllocation done
Event: 7.378 Executing VM operation: ParallelGCFailedAllocation
Event: 7.380 Executing VM operation: ParallelGCFailedAllocation done
Event: 7.473 Executing VM operation: HandshakeAllThreads
Event: 7.473 Executing VM operation: HandshakeAllThreads done
Event: 7.553 Executing VM operation: HandshakeAllThreads
Event: 7.553 Executing VM operation: HandshakeAllThreads done
Event: 7.584 Executing VM operation: HandshakeAllThreads
Event: 7.584 Executing VM operation: HandshakeAllThreads done
Event: 7.586 Executing VM operation: HandshakeAllThreads
Event: 7.586 Executing VM operation: HandshakeAllThreads done
Event: 7.589 Executing VM operation: HandshakeAllThreads
Event: 7.589 Executing VM operation: HandshakeAllThreads done
Event: 7.621 Executing VM operation: ParallelGCFailedAllocation
Event: 7.623 Executing VM operation: ParallelGCFailedAllocation done
Event: 7.630 Executing VM operation: HandshakeAllThreads
Event: 7.630 Executing VM operation: HandshakeAllThreads done
Event: 7.631 Executing VM operation: HandshakeAllThreads
Event: 7.631 Executing VM operation: HandshakeAllThreads done

Memory protections (0 events):
No events

Nmethod flushes (0 events):
No events

Events (20 events):
Event: 0.171 Thread 0x0000023755474610 Thread added: 0x000002376e44df50
Event: 0.171 Thread 0x0000023755474610 Thread added: 0x000002376e453890
Event: 0.171 Thread 0x0000023755474610 Thread added: 0x000002376e474af0
Event: 0.171 Thread 0x0000023755474610 Thread added: 0x000002376e475c90
Event: 0.219 Thread 0x0000023755474610 Thread added: 0x000002376e5bf510
Event: 0.234 Thread 0x000002376e474af0 Thread added: 0x000002376e610500
Event: 0.238 Thread 0x000002376e474af0 Thread added: 0x000002376e63bdd0
Event: 0.460 Thread 0x0000023755474610 Thread added: 0x00000237705e7170
Event: 1.200 Thread 0x0000023755474610 Thread added: 0x0000023770a36d20
Event: 3.292 Thread 0x000002376e63bdd0 Thread exited: 0x000002376e63bdd0
Event: 5.867 Thread 0x0000023755474610 Thread added: 0x000002376e63bd20
Event: 5.872 Thread 0x0000023755474610 Thread added: 0x0000023770a67f40
Event: 5.908 Thread 0x0000023770a67f40 Thread added: 0x00000237705c12a0
Event: 6.106 Thread 0x0000023770a67f40 Thread added: 0x00000237707a1360
Event: 6.413 Thread 0x0000023770a67f40 Thread added: 0x000002377081bee0
Event: 6.946 Thread 0x0000023770a67f40 Thread added: 0x0000023770819660
Event: 6.984 Thread 0x0000023770a67f40 Thread added: 0x000002377081a590
Event: 7.003 Thread 0x0000023770a67f40 Thread added: 0x000002377081c900
Event: 7.530 Thread 0x0000023770a67f40 Thread added: 0x000002377081c3f0
Event: 7.613 Thread 0x000002377081c3f0 Thread exited: 0x000002377081c3f0


Dynamic libraries:
0x00007ff66fa60000 - 0x00007ff66fa6e000 	c:\Users\ASUS\.vscode\extensions\redhat.java-1.36.0-win32-x64\jre\17.0.13-win32-x86_64\bin\java.exe
0x00007fff49eb0000 - 0x00007fff4a0c7000 	C:\WINDOWS\SYSTEM32\ntdll.dll
0x00007fff49310000 - 0x00007fff493d4000 	C:\WINDOWS\System32\KERNEL32.DLL
0x00007fff47470000 - 0x00007fff47827000 	C:\WINDOWS\System32\KERNELBASE.dll
0x00007fff42490000 - 0x00007fff42527000 	C:\WINDOWS\SYSTEM32\apphelp.dll
0x00007fff47a00000 - 0x00007fff47b11000 	C:\WINDOWS\System32\ucrtbase.dll
0x00007fff2a450000 - 0x00007fff2a467000 	c:\Users\ASUS\.vscode\extensions\redhat.java-1.36.0-win32-x64\jre\17.0.13-win32-x86_64\bin\jli.dll
0x00007fff49920000 - 0x00007fff49acf000 	C:\WINDOWS\System32\USER32.dll
0x00007fff36730000 - 0x00007fff369c3000 	C:\WINDOWS\WinSxS\amd64_microsoft.windows.common-controls_6595b64144ccf1df_6.0.22621.3672_none_2713b9d173822955\COMCTL32.dll
0x00007fff47230000 - 0x00007fff47256000 	C:\WINDOWS\System32\win32u.dll
0x00007fff47c70000 - 0x00007fff47c99000 	C:\WINDOWS\System32\GDI32.dll
0x00007fff48080000 - 0x00007fff48127000 	C:\WINDOWS\System32\msvcrt.dll
0x00007fff478b0000 - 0x00007fff479c8000 	C:\WINDOWS\System32\gdi32full.dll
0x00007fff473d0000 - 0x00007fff4746a000 	C:\WINDOWS\System32\msvcp_win.dll
0x00007fff28a30000 - 0x00007fff28a4e000 	c:\Users\ASUS\.vscode\extensions\redhat.java-1.36.0-win32-x64\jre\17.0.13-win32-x86_64\bin\VCRUNTIME140.dll
0x00007fff49460000 - 0x00007fff49491000 	C:\WINDOWS\System32\IMM32.DLL
0x00007fff40880000 - 0x00007fff4088c000 	c:\Users\ASUS\.vscode\extensions\redhat.java-1.36.0-win32-x64\jre\17.0.13-win32-x86_64\bin\vcruntime140_1.dll
0x00007ffefb220000 - 0x00007ffefb2ad000 	c:\Users\ASUS\.vscode\extensions\redhat.java-1.36.0-win32-x64\jre\17.0.13-win32-x86_64\bin\msvcp140.dll
0x00007ffed8990000 - 0x00007ffed95fb000 	c:\Users\ASUS\.vscode\extensions\redhat.java-1.36.0-win32-x64\jre\17.0.13-win32-x86_64\bin\server\jvm.dll
0x00007fff48af0000 - 0x00007fff48ba2000 	C:\WINDOWS\System32\ADVAPI32.dll
0x00007fff48ed0000 - 0x00007fff48f78000 	C:\WINDOWS\System32\sechost.dll
0x00007fff479d0000 - 0x00007fff479f8000 	C:\WINDOWS\System32\bcrypt.dll
0x00007fff47da0000 - 0x00007fff47eb4000 	C:\WINDOWS\System32\RPCRT4.dll
0x00007fff48c20000 - 0x00007fff48c91000 	C:\WINDOWS\System32\WS2_32.dll
0x00007fff47090000 - 0x00007fff470dd000 	C:\WINDOWS\SYSTEM32\POWRPROF.dll
0x00007fff427a0000 - 0x00007fff427d4000 	C:\WINDOWS\SYSTEM32\WINMM.dll
0x00007fff40470000 - 0x00007fff4047a000 	C:\WINDOWS\SYSTEM32\VERSION.dll
0x00007fff47070000 - 0x00007fff47083000 	C:\WINDOWS\SYSTEM32\UMPDC.dll
0x00007fff461e0000 - 0x00007fff461f8000 	C:\WINDOWS\SYSTEM32\kernel.appcore.dll
0x00007fff3e430000 - 0x00007fff3e43a000 	c:\Users\ASUS\.vscode\extensions\redhat.java-1.36.0-win32-x64\jre\17.0.13-win32-x86_64\bin\jimage.dll
0x00007fff3f710000 - 0x00007fff3f942000 	C:\WINDOWS\SYSTEM32\DBGHELP.DLL
0x00007fff48f80000 - 0x00007fff4930e000 	C:\WINDOWS\System32\combase.dll
0x00007fff49d80000 - 0x00007fff49e57000 	C:\WINDOWS\System32\OLEAUT32.dll
0x00007fff3c060000 - 0x00007fff3c092000 	C:\WINDOWS\SYSTEM32\dbgcore.DLL
0x00007fff47830000 - 0x00007fff478ab000 	C:\WINDOWS\System32\bcryptPrimitives.dll
0x00007fff38630000 - 0x00007fff3863e000 	c:\Users\ASUS\.vscode\extensions\redhat.java-1.36.0-win32-x64\jre\17.0.13-win32-x86_64\bin\instrument.dll
0x00007ffeffae0000 - 0x00007ffeffb05000 	c:\Users\ASUS\.vscode\extensions\redhat.java-1.36.0-win32-x64\jre\17.0.13-win32-x86_64\bin\java.dll
0x00007fff20f50000 - 0x00007fff20f68000 	c:\Users\ASUS\.vscode\extensions\redhat.java-1.36.0-win32-x64\jre\17.0.13-win32-x86_64\bin\zip.dll
0x00007fff48280000 - 0x00007fff48ae9000 	C:\WINDOWS\System32\SHELL32.dll
0x00007fff450b0000 - 0x00007fff459af000 	C:\WINDOWS\SYSTEM32\windows.storage.dll
0x00007fff44f70000 - 0x00007fff450af000 	C:\WINDOWS\SYSTEM32\wintypes.dll
0x00007fff47ca0000 - 0x00007fff47d99000 	C:\WINDOWS\System32\SHCORE.dll
0x00007fff493e0000 - 0x00007fff4943e000 	C:\WINDOWS\System32\shlwapi.dll
0x00007fff470f0000 - 0x00007fff47117000 	C:\WINDOWS\SYSTEM32\profapi.dll
0x00007fff1ccb0000 - 0x00007fff1ccc9000 	C:\Users\ASUS\.vscode\extensions\redhat.java-1.36.0-win32-x64\jre\17.0.13-win32-x86_64\bin\net.dll
0x00007fff43e00000 - 0x00007fff43f36000 	C:\WINDOWS\SYSTEM32\WINHTTP.dll
0x00007fff46650000 - 0x00007fff466b9000 	C:\WINDOWS\system32\mswsock.dll
0x00007fff1bc10000 - 0x00007fff1bc26000 	C:\Users\ASUS\.vscode\extensions\redhat.java-1.36.0-win32-x64\jre\17.0.13-win32-x86_64\bin\nio.dll
0x00007fff37550000 - 0x00007fff37560000 	c:\Users\ASUS\.vscode\extensions\redhat.java-1.36.0-win32-x64\jre\17.0.13-win32-x86_64\bin\verify.dll
0x00007ffefb410000 - 0x00007ffefb455000 	C:\Users\ASUS\AppData\Roaming\Code\User\globalStorage\redhat.java\1.36.0\config_ss_win\org.eclipse.equinox.launcher\org.eclipse.equinox.launcher.win32.win32.x86_64_1.2.1100.v20240722-2106\eclipse_11904.dll
0x00007fff48ca0000 - 0x00007fff48e45000 	C:\WINDOWS\System32\ole32.dll
0x00007fff468b0000 - 0x00007fff468cb000 	C:\WINDOWS\SYSTEM32\CRYPTSP.dll
0x00007fff46130000 - 0x00007fff46165000 	C:\WINDOWS\system32\rsaenh.dll
0x00007fff46750000 - 0x00007fff46778000 	C:\WINDOWS\SYSTEM32\USERENV.dll
0x00007fff468d0000 - 0x00007fff468dc000 	C:\WINDOWS\SYSTEM32\CRYPTBASE.dll
0x00007fff45c10000 - 0x00007fff45c3d000 	C:\WINDOWS\SYSTEM32\IPHLPAPI.DLL
0x00007fff48e50000 - 0x00007fff48e59000 	C:\WINDOWS\System32\NSI.dll
0x00007fff43780000 - 0x00007fff43799000 	C:\WINDOWS\SYSTEM32\dhcpcsvc6.DLL
0x00007fff436a0000 - 0x00007fff436bf000 	C:\WINDOWS\SYSTEM32\dhcpcsvc.DLL
0x00007fff45c40000 - 0x00007fff45d42000 	C:\WINDOWS\SYSTEM32\DNSAPI.dll
0x00007ffef9320000 - 0x00007ffef9369000 	C:\Users\ASUS\AppData\Local\Temp\jna-2018896\jna12670005325146885501.dll
0x00007fff49e60000 - 0x00007fff49e68000 	C:\WINDOWS\System32\PSAPI.DLL

dbghelp: loaded successfully - version: 4.0.5 - missing functions: none
symbol engine: initialized successfully - sym options: 0x614 - pdb path: .;c:\Users\ASUS\.vscode\extensions\redhat.java-1.36.0-win32-x64\jre\17.0.13-win32-x86_64\bin;C:\WINDOWS\SYSTEM32;C:\WINDOWS\WinSxS\amd64_microsoft.windows.common-controls_6595b64144ccf1df_6.0.22621.3672_none_2713b9d173822955;c:\Users\ASUS\.vscode\extensions\redhat.java-1.36.0-win32-x64\jre\17.0.13-win32-x86_64\bin\server;C:\Users\ASUS\AppData\Roaming\Code\User\globalStorage\redhat.java\1.36.0\config_ss_win\org.eclipse.equinox.launcher\org.eclipse.equinox.launcher.win32.win32.x86_64_1.2.1100.v20240722-2106;C:\Users\ASUS\AppData\Local\Temp\jna-2018896

VM Arguments:
jvm_args: --add-modules=ALL-SYSTEM --add-opens=java.base/java.util=ALL-UNNAMED --add-opens=java.base/java.lang=ALL-UNNAMED --add-opens=java.base/sun.nio.fs=ALL-UNNAMED -Declipse.application=org.eclipse.jdt.ls.core.id1 -Dosgi.bundles.defaultStartLevel=4 -Declipse.product=org.eclipse.jdt.ls.core.product -Djava.import.generatesMetadataFilesAtProjectRoot=false -DDetectVMInstallationsJob.disabled=true -Dfile.encoding=utf8 -XX:+UseParallelGC -XX:GCTimeRatio=4 -XX:AdaptiveSizePolicyWeight=90 -Dsun.zip.disableMemoryMapping=true -Xmx1G -Xms100m -Xlog:disable -javaagent:c:\Users\ASUS\.vscode\extensions\redhat.java-1.36.0-win32-x64\lombok\lombok-1.18.35.jar 
java_command: c:\Users\ASUS\.vscode\extensions\redhat.java-1.36.0-win32-x64\server\plugins\org.eclipse.equinox.launcher_1.6.900.v20240613-2009.jar -configuration c:\Users\ASUS\AppData\Roaming\Code\User\globalStorage\redhat.java\1.36.0\config_ss_win -data c:\Users\ASUS\AppData\Roaming\Code\User\workspaceStorage\a3cdf0d71741ef6fcc9b488579dc9448\redhat.java\ss_ws --pipe=\\.\pipe\lsp-2d7f9fea542fbc502247c9c6cab69e76-sock
java_class_path (initial): c:\Users\ASUS\.vscode\extensions\redhat.java-1.36.0-win32-x64\server\plugins\org.eclipse.equinox.launcher_1.6.900.v20240613-2009.jar
Launcher Type: SUN_STANDARD

[Global flags]
    uintx AdaptiveSizePolicyWeight                 = 90                                        {product} {command line}
     intx CICompilerCount                          = 12                                        {product} {ergonomic}
    uintx GCTimeRatio                              = 4                                         {product} {command line}
   size_t InitialHeapSize                          = 104857600                                 {product} {command line}
   size_t MaxHeapSize                              = 1073741824                                {product} {command line}
   size_t MaxNewSize                               = 357564416                                 {product} {ergonomic}
   size_t MinHeapDeltaBytes                        = 524288                                    {product} {ergonomic}
   size_t MinHeapSize                              = 104857600                                 {product} {command line}
   size_t NewSize                                  = 34603008                                  {product} {ergonomic}
    uintx NonNMethodCodeHeapSize                   = 7602480                                {pd product} {ergonomic}
    uintx NonProfiledCodeHeapSize                  = 122027880                              {pd product} {ergonomic}
   size_t OldSize                                  = 70254592                                  {product} {ergonomic}
    uintx ProfiledCodeHeapSize                     = 122027880                              {pd product} {ergonomic}
    uintx ReservedCodeCacheSize                    = 251658240                              {pd product} {ergonomic}
     bool SegmentedCodeCache                       = true                                      {product} {ergonomic}
   size_t SoftMaxHeapSize                          = 1073741824                             {manageable} {ergonomic}
     bool UseCompressedClassPointers               = true                           {product lp64_product} {ergonomic}
     bool UseCompressedOops                        = true                           {product lp64_product} {ergonomic}
     bool UseLargePagesIndividualAllocation        = false                                  {pd product} {ergonomic}
     bool UseParallelGC                            = true                                      {product} {command line}

Logging:
Log output configuration:
 #0: stdout all=off uptime,level,tags
 #1: stderr all=off uptime,level,tags

Environment Variables:
PATH=C:\Program Files\Common Files\Oracle\Java\javapath;C:\Program Files (x86)\Common Files\Oracle\Java\javapath;C:\Windows\system32;C:\Windows;C:\Windows\System32\Wbem;C:\Windows\System32\WindowsPowerShell\v1.0\;C:\Windows\System32\OpenSSH\;C:\Program Files (x86)\NVIDIA Corporation\PhysX\Common;C:\Program Files\NVIDIA Corporation\NVIDIA NvDLISR;C:\Program Files\dotnet\;C:\msys64\ucrt64\bin;C:\Program Files\Java\jdk-22\bin;C:\WINDOWS\system32;C:\WINDOWS;C:\WINDOWS\System32\Wbem;C:\WINDOWS\System32\WindowsPowerShell\v1.0\;C:\WINDOWS\System32\OpenSSH\;C:\Program Files\Git\cmd;C:\Program Files (x86)\Microsoft SQL Server\160\DTS\Binn\;C:\Program Files (x86)\Microsoft SQL Server\160\Tools\Binn\;C:\Program Files\Microsoft SQL Server\160\Tools\Binn\;C:\Program Files\Microsoft SQL Server\Client SDK\ODBC\170\Tools\Binn\;C:\Program Files\Microsoft SQL Server\160\DTS\Binn\;C:\Program Files\nodejs\;C:\Program Files\Cloudflare\Cloudflare WARP\;C:\Users\ASUS\AppData\Local\Microsoft\WindowsApps;C:\Users\ASUS\AppData\Local\Programs\Microsoft VS Code\bin;C:\Users\ASUS\AppData\Local\GitHubDesktop\bin;C:\Users\ASUS\AppData\Roaming\npm
USERNAME=ASUS
OS=Windows_NT
PROCESSOR_IDENTIFIER=AMD64 Family 25 Model 68 Stepping 1, AuthenticAMD
TMP=C:\Users\ASUS\AppData\Local\Temp
TEMP=C:\Users\ASUS\AppData\Local\Temp



Periodic native trim disabled


---------------  S Y S T E M  ---------------

OS:
 Windows 11 , 64 bit Build 22621 (10.0.22621.3958)
OS uptime: 3 days 4:20 hours
Hyper-V role detected

CPU: total 16 (initial active 16) (16 cores per cpu, 2 threads per core) family 25 model 68 stepping 1 microcode 0x0, cx8, cmov, fxsr, ht, mmx, 3dnowpref, sse, sse2, sse3, ssse3, sse4a, sse4.1, sse4.2, popcnt, lzcnt, tsc, tscinvbit, avx, avx2, aes, clmul, bmi1, bmi2, adx, sha, fma, vzeroupper, clflush, clflushopt, hv
Processor Information for processor 0
  Max Mhz: 3201, Current Mhz: 2566, Mhz Limit: 3201
Processor Information for processor 1
  Max Mhz: 3201, Current Mhz: 3201, Mhz Limit: 3201
Processor Information for processor 2
  Max Mhz: 3201, Current Mhz: 3201, Mhz Limit: 3201
Processor Information for processor 3
  Max Mhz: 3201, Current Mhz: 2566, Mhz Limit: 3201
Processor Information for processor 4
  Max Mhz: 3201, Current Mhz: 3201, Mhz Limit: 3201
Processor Information for processor 5
  Max Mhz: 3201, Current Mhz: 2566, Mhz Limit: 3201
Processor Information for processor 6
  Max Mhz: 3201, Current Mhz: 3201, Mhz Limit: 3201
Processor Information for processor 7
  Max Mhz: 3201, Current Mhz: 2566, Mhz Limit: 3201
Processor Information for processor 8
  Max Mhz: 3201, Current Mhz: 3201, Mhz Limit: 3201
Processor Information for processor 9
  Max Mhz: 3201, Current Mhz: 2566, Mhz Limit: 3201
Processor Information for processor 10
  Max Mhz: 3201, Current Mhz: 2566, Mhz Limit: 3201
Processor Information for processor 11
  Max Mhz: 3201, Current Mhz: 2566, Mhz Limit: 3201
Processor Information for processor 12
  Max Mhz: 3201, Current Mhz: 2566, Mhz Limit: 3201
Processor Information for processor 13
  Max Mhz: 3201, Current Mhz: 3201, Mhz Limit: 3201
Processor Information for processor 14
  Max Mhz: 3201, Current Mhz: 2566, Mhz Limit: 3201
Processor Information for processor 15
  Max Mhz: 3201, Current Mhz: 3201, Mhz Limit: 3201

Memory: 4k page, system-wide physical 7421M (237M free)
TotalPageFile size 29949M (AvailPageFile size 5M)
current process WorkingSet (physical memory assigned to process): 147M, peak: 151M
current process commit charge ("private bytes"): 271M, peak: 274M

vm_info: OpenJDK 64-Bit Server VM (17.0.13+11) for windows-amd64 JRE (17.0.13+11), built on Oct 16 2024 00:10:08 by "admin" with MS VC++ 17.7 (VS2022)

END.
